0 info it worked if it ends with ok
1 verbose cli [ '/Users/jason/.nvm/versions/node/v5.11.0/bin/node',
1 verbose cli   '/Users/jason/.nvm/versions/node/v5.11.0/bin/npm',
1 verbose cli   'run',
1 verbose cli   'storybook' ]
2 info using npm@3.8.6
3 info using node@v5.11.0
4 verbose run-script [ 'prestorybook', 'storybook', 'poststorybook' ]
5 info lifecycle nitro-styleguide@0.0.1~prestorybook: nitro-styleguide@0.0.1
6 silly lifecycle nitro-styleguide@0.0.1~prestorybook: no script for prestorybook, continuing
7 info lifecycle nitro-styleguide@0.0.1~storybook: nitro-styleguide@0.0.1
8 verbose lifecycle nitro-styleguide@0.0.1~storybook: unsafe-perm in lifecycle true
9 verbose lifecycle nitro-styleguide@0.0.1~storybook: PATH: /Users/jason/.nvm/versions/node/v5.11.0/lib/node_modules/npm/bin/node-gyp-bin:/Users/jason/Documents/projects/power/nitro-styleguide/node_modules/.bin:/Users/jason/.nvm/versions/node/v5.11.0/bin:/Users/jason/.nvm/versions/node/v5.11.0/bin:/Users/jason/.rbenv/shims:/Users/jason/.rbenv/bin:/Users/jason/.rbenv/shims:/usr/local/share/npm/bin:/Users/jason/.rbenv/bin:/usr/local/heroku/bin:/usr/local/bin:/usr/local/sbin:/usr/local/bin:/usr/bin:/bin:/usr/sbin:/sbin:/Users/jason/Library/Android/sdk/platform-tools
10 verbose lifecycle nitro-styleguide@0.0.1~storybook: CWD: /Users/jason/Documents/projects/power/nitro-styleguide
11 silly lifecycle nitro-styleguide@0.0.1~storybook: Args: [ '-c',
11 silly lifecycle   'npm run applicationcss && start-storybook -p 9001 -c .storybook -s ./public' ]
12 silly lifecycle nitro-styleguide@0.0.1~storybook: Returned: code: 1  signal: null
13 info lifecycle nitro-styleguide@0.0.1~storybook: Failed to exec storybook script
14 verbose stack Error: nitro-styleguide@0.0.1 storybook: `npm run applicationcss && start-storybook -p 9001 -c .storybook -s ./public`
14 verbose stack Exit status 1
14 verbose stack     at EventEmitter.<anonymous> (/Users/jason/.nvm/versions/node/v5.11.0/lib/node_modules/npm/lib/utils/lifecycle.js:239:16)
14 verbose stack     at emitTwo (events.js:100:13)
14 verbose stack     at EventEmitter.emit (events.js:185:7)
14 verbose stack     at ChildProcess.<anonymous> (/Users/jason/.nvm/versions/node/v5.11.0/lib/node_modules/npm/lib/utils/spawn.js:24:14)
14 verbose stack     at emitTwo (events.js:100:13)
14 verbose stack     at ChildProcess.emit (events.js:185:7)
14 verbose stack     at maybeClose (internal/child_process.js:850:16)
14 verbose stack     at Process.ChildProcess._handle.onexit (internal/child_process.js:215:5)
15 verbose pkgid nitro-styleguide@0.0.1
16 verbose cwd /Users/jason/Documents/projects/power/nitro-styleguide
17 error Darwin 16.7.0
18 error argv "/Users/jason/.nvm/versions/node/v5.11.0/bin/node" "/Users/jason/.nvm/versions/node/v5.11.0/bin/npm" "run" "storybook"
19 error node v5.11.0
20 error npm  v3.8.6
21 error code ELIFECYCLE
22 error nitro-styleguide@0.0.1 storybook: `npm run applicationcss && start-storybook -p 9001 -c .storybook -s ./public`
22 error Exit status 1
23 error Failed at the nitro-styleguide@0.0.1 storybook script 'npm run applicationcss && start-storybook -p 9001 -c .storybook -s ./public'.
23 error Make sure you have the latest version of node.js and npm installed.
23 error If you do, this is most likely a problem with the nitro-styleguide package,
23 error not with npm itself.
23 error Tell the author that this fails on your system:
23 error     npm run applicationcss && start-storybook -p 9001 -c .storybook -s ./public
23 error You can get information on how to open an issue for this project with:
23 error     npm bugs nitro-styleguide
23 error Or if that isn't available, you can get their info via:
23 error     npm owner ls nitro-styleguide
23 error There is likely additional logging output above.
24 verbose exit [ 1, true ]
